<?xml version="1.0" encoding="UTF-8"?>
<!-- Generated by org.testng.reporters.JUnitReportReporter -->
<testsuite hostname="LAPTOP-UK0BIP36" failures="0" tests="1" name="com.itlearn.testcases.LoginTest" time="3.175" errors="0" timestamp="2024-07-30T15:07:53 IST" skipped="0">
  <testcase classname="com.itlearn.testcases.LoginTest" name="verifyLogin" time="3.175"/>
  <system-out/>
</testsuite> <!-- com.itlearn.testcases.LoginTest -->
