<?xml version="1.0" encoding="UTF-8"?>
<!-- Generated by org.testng.reporters.JUnitReportReporter -->
<testsuite hostname="LAPTOP-UK0BIP36" failures="0" tests="1" name="com.itlearn.testcases.TestCaseDemo" time="0.010" errors="0" timestamp="2024-07-28T02:03:59 IST" skipped="0">
  <testcase classname="com.itlearn.testcases.TestCaseDemo" name="testCheck" time="0.010"/>
  <system-out/>
</testsuite> <!-- com.itlearn.testcases.TestCaseDemo -->
